<?xml version="1.0" encoding="UTF-8"?>
<testsuite xmlns:xsi="http://www.w3.org/2001/XMLSchema-instance" xsi:noNamespaceSchemaLocation="https://maven.apache.org/surefire/maven-surefire-plugin/xsd/surefire-test-report-3.0.xsd" version="3.0" name="com.ByTech.ByTech.ByTechApplicationTests" time="5.762" tests="1" errors="0" skipped="0" failures="0">
  <properties>
[...]
</properties>
  <testcase name="contextLoads" classname="com.ByTech.ByTech.ByTechApplicationTests" time="0.448">
    <system-out><![CDATA[02:27:13.045 [main] INFO org.springframework.test.context.support.AnnotationConfigContextLoaderUtils -- Could not detect default configuration classes for test class [com.ByTech.ByTech.ByTechApplicationTests]: ByTechApplicationTests does not declare any static, non-private, non-final, nested classes annotated with @Configuration.
02:27:13.169 [main] INFO org.springframework.boot.test.context.SpringBootTestContextBootstrapper -- Found @SpringBootConfiguration com.ByTech.ByTech.ByTechApplication for test class com.ByTech.ByTech.ByTechApplicationTests

  .   ____          _            __ _ _
 /\\ / ___'_ __ _ _(_)_ __  __ _ \ \ \ \
( ( )\___ | '_ | '_| | '_ \/ _` | \ \ \ \
 \\/  ___)| |_)| | | | | || (_| |  ) ) ) )
  '  |____| .__|_| |_|_| |_\__, | / / / /
 =========|_|==============|___/=/_/_/_/
 :: Spring Boot ::                (v3.2.3)

2025-06-01T02:27:13.525+02:00  INFO 23796 --- [ByTech] [           main] c.ByTech.ByTech.ByTechApplicationTests   : Starting ByTechApplicationTests using Java 21 with PID 23796 (started by Israel in C:\Users\Israel\Desktop\Desarrollo\ByTech)
2025-06-01T02:27:13.525+02:00  INFO 23796 --- [ByTech] [           main] c.ByTech.ByTech.ByTechApplicationTests   : No active profile set, falling back to 1 default profile: "default"
2025-06-01T02:27:14.125+02:00  INFO 23796 --- [ByTech] [           main] .s.d.r.c.RepositoryConfigurationDelegate : Bootstrapping Spring Data JPA repositories in DEFAULT mode.
2025-06-01T02:27:14.205+02:00  INFO 23796 --- [ByTech] [           main] .s.d.r.c.RepositoryConfigurationDelegate : Finished Spring Data repository scanning in 71 ms. Found 7 JPA repository interfaces.
2025-06-01T02:27:14.707+02:00  INFO 23796 --- [ByTech] [           main] o.hibernate.jpa.internal.util.LogHelper  : HHH000204: Processing PersistenceUnitInfo [name: default]
2025-06-01T02:27:14.795+02:00  INFO 23796 --- [ByTech] [           main] org.hibernate.Version                    : HHH000412: Hibernate ORM core version 6.4.4.Final
2025-06-01T02:27:14.835+02:00  INFO 23796 --- [ByTech] [           main] o.h.c.internal.RegionFactoryInitiator    : HHH000026: Second-level cache disabled
2025-06-01T02:27:15.141+02:00  INFO 23796 --- [ByTech] [           main] o.s.o.j.p.SpringPersistenceUnitInfo      : No LoadTimeWeaver setup: ignoring JPA class transformer
2025-06-01T02:27:15.185+02:00  INFO 23796 --- [ByTech] [           main] com.zaxxer.hikari.HikariDataSource       : HikariPool-1 - Starting...
2025-06-01T02:27:15.335+02:00  INFO 23796 --- [ByTech] [           main] com.zaxxer.hikari.pool.HikariPool        : HikariPool-1 - Added connection com.mysql.cj.jdbc.ConnectionImpl@bfe47a8
2025-06-01T02:27:15.335+02:00  INFO 23796 --- [ByTech] [           main] com.zaxxer.hikari.HikariDataSource       : HikariPool-1 - Start completed.
2025-06-01T02:27:16.255+02:00  INFO 23796 --- [ByTech] [           main] o.h.e.t.j.p.i.JtaPlatformInitiator       : HHH000489: No JTA platform available (set 'hibernate.transaction.jta.platform' to enable JTA platform integration)
2025-06-01T02:27:16.335+02:00  INFO 23796 --- [ByTech] [           main] j.LocalContainerEntityManagerFactoryBean : Initialized JPA EntityManagerFactory for persistence unit 'default'
2025-06-01T02:27:16.813+02:00  INFO 23796 --- [ByTech] [           main] o.s.d.j.r.query.QueryEnhancerFactory     : Hibernate is in classpath; If applicable, HQL parser will be used.
2025-06-01T02:27:17.465+02:00  WARN 23796 --- [ByTech] [           main] JpaBaseConfiguration$JpaWebConfiguration : spring.jpa.open-in-view is enabled by default. Therefore, database queries may be performed during view rendering. Explicitly configure spring.jpa.open-in-view to disable this warning
2025-06-01T02:27:18.175+02:00  INFO 23796 --- [ByTech] [           main] c.ByTech.ByTech.ByTechApplicationTests   : Started ByTechApplicationTests in 4.86 seconds (process running for 5.722)
]]></system-out>
    <system-err><![CDATA[WARNING: A Java agent has been loaded dynamically (C:\Users\Israel\.m2\repository\net\bytebuddy\byte-buddy-agent\1.14.12\byte-buddy-agent-1.14.12.jar)
WARNING: If a serviceability tool is in use, please run with -XX:+EnableDynamicAgentLoading to hide this warning
WARNING: If a serviceability tool is not in use, please run with -Djdk.instrument.traceUsage for more information
WARNING: Dynamic loading of agents will be disallowed by default in a future release
]]></system-err>
  </testcase>
</testsuite>